<?xml version="1.0" encoding="UTF-8"?>
<testng-results skipped="0" failed="0" total="9" passed="9">
  <reporter-output>
  </reporter-output>
  <suite name="ParabankWebsiteTest" duration-ms="149356" started-at="2021-01-19T04:23:48Z" finished-at="2021-01-19T04:26:18Z">
    <groups>
      <group name="SmokeTesting">
        <method signature="TransferAmountTest.transferringAmount()[pri:0, instance:test.TransferAmountTest@1574cc2]" name="transferringAmount" class="test.TransferAmountTest"/>
        <method signature="openaccountTest.openaccountmessage()[pri:0, instance:test.openaccountTest@3aae55]" name="openaccountmessage" class="test.openaccountTest"/>
        <method signature="openaccountTest.verifyAccount()[pri:0, instance:test.openaccountTest@3aae55]" name="verifyAccount" class="test.openaccountTest"/>
        <method signature="paybillTest.validBillPay()[pri:0, instance:test.paybillTest@bddf5]" name="validBillPay" class="test.paybillTest"/>
        <method signature="registrationTest.validRegistration()[pri:0, instance:test.registrationTest@1b7cce7]" name="validRegistration" class="test.registrationTest"/>
        <method signature="updateinfoTest.validUpdate()[pri:0, instance:test.updateinfoTest@9c84a5]" name="validUpdate" class="test.updateinfoTest"/>
      </group> <!-- SmokeTesting -->
      <group name="RegressionTesting">
        <method signature="TransferAmountTest.transferringAmount()[pri:0, instance:test.TransferAmountTest@1574cc2]" name="transferringAmount" class="test.TransferAmountTest"/>
        <method signature="openaccountTest.openaccountmessage()[pri:0, instance:test.openaccountTest@3aae55]" name="openaccountmessage" class="test.openaccountTest"/>
        <method signature="openaccountTest.verifyAccount()[pri:0, instance:test.openaccountTest@3aae55]" name="verifyAccount" class="test.openaccountTest"/>
        <method signature="paybillTest.invalidBillPay()[pri:0, instance:test.paybillTest@bddf5]" name="invalidBillPay" class="test.paybillTest"/>
        <method signature="paybillTest.validBillPay()[pri:0, instance:test.paybillTest@bddf5]" name="validBillPay" class="test.paybillTest"/>
        <method signature="registrationTest.invalidRegistration()[pri:0, instance:test.registrationTest@1b7cce7]" name="invalidRegistration" class="test.registrationTest"/>
        <method signature="registrationTest.validRegistration()[pri:0, instance:test.registrationTest@1b7cce7]" name="validRegistration" class="test.registrationTest"/>
        <method signature="updateinfoTest.invalidUpdate()[pri:0, instance:test.updateinfoTest@9c84a5]" name="invalidUpdate" class="test.updateinfoTest"/>
        <method signature="updateinfoTest.validUpdate()[pri:0, instance:test.updateinfoTest@9c84a5]" name="validUpdate" class="test.updateinfoTest"/>
      </group> <!-- RegressionTesting -->
    </groups>
    <test name="Smoke And Regression Testing" duration-ms="149356" started-at="2021-01-19T04:23:48Z" finished-at="2021-01-19T04:26:18Z">
      <class name="test.updateinfoTest">
        <test-method status="PASS" signature="validUpdate()[pri:0, instance:test.updateinfoTest@9c84a5]" name="validUpdate" duration-ms="4485" started-at="2021-01-19T09:56:03Z" finished-at="2021-01-19T09:56:07Z">
          <reporter-output>
          </reporter-output>
        </test-method> <!-- validUpdate -->
        <test-method status="PASS" signature="invalidUpdate()[pri:0, instance:test.updateinfoTest@9c84a5]" name="invalidUpdate" duration-ms="10377" started-at="2021-01-19T09:56:07Z" finished-at="2021-01-19T09:56:18Z">
          <reporter-output>
          </reporter-output>
        </test-method> <!-- invalidUpdate -->
      </class> <!-- test.updateinfoTest -->
      <class name="test.paybillTest">
        <test-method status="PASS" signature="validBillPay()[pri:0, instance:test.paybillTest@bddf5]" name="validBillPay" duration-ms="1988" started-at="2021-01-19T09:55:43Z" finished-at="2021-01-19T09:55:45Z">
          <reporter-output>
          </reporter-output>
        </test-method> <!-- validBillPay -->
        <test-method status="PASS" signature="invalidBillPay()[pri:0, instance:test.paybillTest@bddf5]" name="invalidBillPay" duration-ms="17464" started-at="2021-01-19T09:55:45Z" finished-at="2021-01-19T09:56:03Z">
          <reporter-output>
          </reporter-output>
        </test-method> <!-- invalidBillPay -->
      </class> <!-- test.paybillTest -->
      <class name="test.TransferAmountTest">
        <test-method status="PASS" signature="transferringAmount()[pri:0, instance:test.TransferAmountTest@1574cc2]" name="transferringAmount" duration-ms="31072" started-at="2021-01-19T09:55:12Z" finished-at="2021-01-19T09:55:43Z">
          <reporter-output>
          </reporter-output>
        </test-method> <!-- transferringAmount -->
      </class> <!-- test.TransferAmountTest -->
      <class name="test.openaccountTest">
        <test-method status="PASS" signature="openaccountmessage()[pri:0, instance:test.openaccountTest@3aae55]" name="openaccountmessage" duration-ms="6389" started-at="2021-01-19T09:55:05Z" finished-at="2021-01-19T09:55:11Z">
          <reporter-output>
          </reporter-output>
        </test-method> <!-- openaccountmessage -->
        <test-method status="PASS" signature="verifyAccount()[pri:0, instance:test.openaccountTest@3aae55]" name="verifyAccount" duration-ms="1291" started-at="2021-01-19T09:55:11Z" finished-at="2021-01-19T09:55:12Z">
          <reporter-output>
          </reporter-output>
        </test-method> <!-- verifyAccount -->
      </class> <!-- test.openaccountTest -->
      <class name="test.registrationTest">
        <test-method status="PASS" signature="validRegistration()[pri:0, instance:test.registrationTest@1b7cce7]" name="validRegistration" duration-ms="17107" started-at="2021-01-19T09:53:48Z" finished-at="2021-01-19T09:54:05Z">
          <reporter-output>
          </reporter-output>
        </test-method> <!-- validRegistration -->
        <test-method status="PASS" signature="invalidRegistration()[pri:0, instance:test.registrationTest@1b7cce7]" name="invalidRegistration" duration-ms="59142" started-at="2021-01-19T09:54:06Z" finished-at="2021-01-19T09:55:05Z">
          <reporter-output>
          </reporter-output>
        </test-method> <!-- invalidRegistration -->
      </class> <!-- test.registrationTest -->
    </test> <!-- Smoke And Regression Testing -->
  </suite> <!-- ParabankWebsiteTest -->
</testng-results>
