<?xml version="1.0" encoding="UTF-8"?>
<testng-results skipped="0" failed="0" total="9" passed="9">
  <reporter-output>
  </reporter-output>
  <suite name="ParabankWebsiteTest" duration-ms="141623" started-at="2021-01-08T08:43:21Z" finished-at="2021-01-08T08:45:42Z">
    <groups>
      <group name="SmokeTesting">
        <method signature="TransferAmountTest.transferringAmount()[pri:0, instance:test.TransferAmountTest@74492]" name="transferringAmount" class="test.TransferAmountTest"/>
        <method signature="openaccountTest.openaccountmessage()[pri:0, instance:test.openaccountTest@4da2a7]" name="openaccountmessage" class="test.openaccountTest"/>
        <method signature="openaccountTest.verifyAccount()[pri:0, instance:test.openaccountTest@4da2a7]" name="verifyAccount" class="test.openaccountTest"/>
        <method signature="paybillTest.validBillPay()[pri:0, instance:test.paybillTest@d78795]" name="validBillPay" class="test.paybillTest"/>
        <method signature="registrationTest.validRegistration()[pri:0, instance:test.registrationTest@1601e47]" name="validRegistration" class="test.registrationTest"/>
        <method signature="updateinfoTest.validUpdate()[pri:0, instance:test.updateinfoTest@715e84]" name="validUpdate" class="test.updateinfoTest"/>
      </group> <!-- SmokeTesting -->
      <group name="RegressionTesting">
        <method signature="TransferAmountTest.transferringAmount()[pri:0, instance:test.TransferAmountTest@74492]" name="transferringAmount" class="test.TransferAmountTest"/>
        <method signature="openaccountTest.openaccountmessage()[pri:0, instance:test.openaccountTest@4da2a7]" name="openaccountmessage" class="test.openaccountTest"/>
        <method signature="openaccountTest.verifyAccount()[pri:0, instance:test.openaccountTest@4da2a7]" name="verifyAccount" class="test.openaccountTest"/>
        <method signature="paybillTest.invalidBillPay()[pri:0, instance:test.paybillTest@d78795]" name="invalidBillPay" class="test.paybillTest"/>
        <method signature="paybillTest.validBillPay()[pri:0, instance:test.paybillTest@d78795]" name="validBillPay" class="test.paybillTest"/>
        <method signature="registrationTest.invalidRegistration()[pri:0, instance:test.registrationTest@1601e47]" name="invalidRegistration" class="test.registrationTest"/>
        <method signature="registrationTest.validRegistration()[pri:0, instance:test.registrationTest@1601e47]" name="validRegistration" class="test.registrationTest"/>
        <method signature="updateinfoTest.invalidUpdate()[pri:0, instance:test.updateinfoTest@715e84]" name="invalidUpdate" class="test.updateinfoTest"/>
        <method signature="updateinfoTest.validUpdate()[pri:0, instance:test.updateinfoTest@715e84]" name="validUpdate" class="test.updateinfoTest"/>
      </group> <!-- RegressionTesting -->
    </groups>
    <test name="Smoke And Regression Testing" duration-ms="141623" started-at="2021-01-08T08:43:21Z" finished-at="2021-01-08T08:45:42Z">
      <class name="test.updateinfoTest">
        <test-method status="PASS" signature="validUpdate()[pri:0, instance:test.updateinfoTest@715e84]" name="validUpdate" duration-ms="4451" started-at="2021-01-08T14:15:28Z" finished-at="2021-01-08T14:15:33Z">
          <reporter-output>
          </reporter-output>
        </test-method> <!-- validUpdate -->
        <test-method status="PASS" signature="invalidUpdate()[pri:0, instance:test.updateinfoTest@715e84]" name="invalidUpdate" duration-ms="9553" started-at="2021-01-08T14:15:33Z" finished-at="2021-01-08T14:15:42Z">
          <reporter-output>
          </reporter-output>
        </test-method> <!-- invalidUpdate -->
      </class> <!-- test.updateinfoTest -->
      <class name="test.paybillTest">
        <test-method status="PASS" signature="validBillPay()[pri:0, instance:test.paybillTest@d78795]" name="validBillPay" duration-ms="2036" started-at="2021-01-08T14:15:08Z" finished-at="2021-01-08T14:15:10Z">
          <reporter-output>
          </reporter-output>
        </test-method> <!-- validBillPay -->
        <test-method status="PASS" signature="invalidBillPay()[pri:0, instance:test.paybillTest@d78795]" name="invalidBillPay" duration-ms="17900" started-at="2021-01-08T14:15:10Z" finished-at="2021-01-08T14:15:28Z">
          <reporter-output>
          </reporter-output>
        </test-method> <!-- invalidBillPay -->
      </class> <!-- test.paybillTest -->
      <class name="test.TransferAmountTest">
        <test-method status="PASS" signature="transferringAmount()[pri:0, instance:test.TransferAmountTest@74492]" name="transferringAmount" duration-ms="33629" started-at="2021-01-08T14:14:35Z" finished-at="2021-01-08T14:15:08Z">
          <reporter-output>
          </reporter-output>
        </test-method> <!-- transferringAmount -->
      </class> <!-- test.TransferAmountTest -->
      <class name="test.registrationTest">
        <test-method status="PASS" signature="validRegistration()[pri:0, instance:test.registrationTest@1601e47]" name="validRegistration" duration-ms="11184" started-at="2021-01-08T14:13:21Z" finished-at="2021-01-08T14:13:32Z">
          <reporter-output>
          </reporter-output>
        </test-method> <!-- validRegistration -->
        <test-method status="PASS" signature="invalidRegistration()[pri:0, instance:test.registrationTest@1601e47]" name="invalidRegistration" duration-ms="55490" started-at="2021-01-08T14:13:32Z" finished-at="2021-01-08T14:14:27Z">
          <reporter-output>
          </reporter-output>
        </test-method> <!-- invalidRegistration -->
      </class> <!-- test.registrationTest -->
      <class name="test.openaccountTest">
        <test-method status="PASS" signature="openaccountmessage()[pri:0, instance:test.openaccountTest@4da2a7]" name="openaccountmessage" duration-ms="6002" started-at="2021-01-08T14:14:27Z" finished-at="2021-01-08T14:14:33Z">
          <reporter-output>
          </reporter-output>
        </test-method> <!-- openaccountmessage -->
        <test-method status="PASS" signature="verifyAccount()[pri:0, instance:test.openaccountTest@4da2a7]" name="verifyAccount" duration-ms="1334" started-at="2021-01-08T14:14:33Z" finished-at="2021-01-08T14:14:35Z">
          <reporter-output>
          </reporter-output>
        </test-method> <!-- verifyAccount -->
      </class> <!-- test.openaccountTest -->
    </test> <!-- Smoke And Regression Testing -->
  </suite> <!-- ParabankWebsiteTest -->
</testng-results>
