<?xml version="1.0" encoding="UTF-8"?>
<!-- Generated by org.testng.reporters.JUnitXMLReporter -->
<testsuite hostname="PCIN468552" name="Smoke And Regression Testing" tests="9" failures="0" timestamp="19 Jan 2021 04:26:18 GMT" time="149.356" errors="0">
  <testcase name="validRegistration" time="17.107" classname="test.registrationTest"/>
  <testcase name="invalidRegistration" time="59.142" classname="test.registrationTest"/>
  <testcase name="openaccountmessage" time="6.389" classname="test.openaccountTest"/>
  <testcase name="verifyAccount" time="1.291" classname="test.openaccountTest"/>
  <testcase name="transferringAmount" time="31.072" classname="test.TransferAmountTest"/>
  <testcase name="validBillPay" time="1.988" classname="test.paybillTest"/>
  <testcase name="invalidBillPay" time="17.464" classname="test.paybillTest"/>
  <testcase name="validUpdate" time="4.485" classname="test.updateinfoTest"/>
  <testcase name="invalidUpdate" time="10.377" classname="test.updateinfoTest"/>
</testsuite> <!-- Smoke And Regression Testing -->
