<?xml version="1.0" encoding="UTF-8"?>
<!-- Generated by org.testng.reporters.JUnitXMLReporter -->
<testsuite hostname="PCIN468552" name="Smoke And Regression Testing" tests="9" failures="0" timestamp="8 Jan 2021 08:45:42 GMT" time="141.623" errors="0">
  <testcase name="validRegistration" time="11.184" classname="test.registrationTest"/>
  <testcase name="invalidRegistration" time="55.49" classname="test.registrationTest"/>
  <testcase name="openaccountmessage" time="6.002" classname="test.openaccountTest"/>
  <testcase name="verifyAccount" time="1.334" classname="test.openaccountTest"/>
  <testcase name="transferringAmount" time="33.629" classname="test.TransferAmountTest"/>
  <testcase name="validBillPay" time="2.036" classname="test.paybillTest"/>
  <testcase name="invalidBillPay" time="17.9" classname="test.paybillTest"/>
  <testcase name="validUpdate" time="4.451" classname="test.updateinfoTest"/>
  <testcase name="invalidUpdate" time="9.553" classname="test.updateinfoTest"/>
</testsuite> <!-- Smoke And Regression Testing -->
